::1 - - [25/Sep/2023:12:46:27 +0700] "GET /favicon.ico HTTP/1.1" 404 196
::1 - - [05/Oct/2023:09:46:01 +0700] "GET / HTTP/1.1" 200 1765
::1 - - [05/Oct/2023:09:46:04 +0700] "GET /favicon.ico HTTP/1.1" 404 196
::1 - - [09/Oct/2023:09:56:50 +0700] "POST /v1/auth/getAccessToken/json HTTP/1.1" 400 226
::1 - - [09/Oct/2023:09:57:37 +0700] "POST /v1/auth/getAccessToken/json HTTP/1.1" 400 226
::1 - - [09/Oct/2023:09:59:34 +0700] "POST /V1/auth/getAccessToken/json HTTP/1.1" 400 226
::1 - - [09/Oct/2023:09:59:37 +0700] "POST /V1/auth/getAccessToken/json HTTP/1.1" 400 226
::1 - - [09/Oct/2023:10:00:12 +0700] "GET /xxxxx/V1/auth/connect/json HTTP/1.1" 400 226
::1 - - [09/Oct/2023:10:00:21 +0700] "GET /V1/auth/connect/json HTTP/1.1" 400 226
::1 - - [10/Oct/2023:09:22:22 +0700] "GET / HTTP/1.1" 200 1765
::1 - - [10/Oct/2023:09:22:23 +0700] "GET /favicon.ico HTTP/1.1" 404 196
::1 - - [10/Oct/2023:10:48:59 +0700] "GET / HTTP/1.1" 200 1775
::1 - - [10/Oct/2023:10:49:00 +0700] "GET /favicon.ico HTTP/1.1" 404 196
::1 - - [10/Oct/2023:10:49:31 +0700] "GET /phpinfo.php HTTP/1.1" 404 196
::1 - - [10/Oct/2023:18:08:18 +0700] "GET / HTTP/1.1" 200 1775
::1 - - [10/Oct/2023:18:08:34 +0700] "GET /favicon.ico HTTP/1.1" 404 196
::1 - - [10/Oct/2023:18:10:40 +0700] "GET / HTTP/1.1" 200 1765
::1 - - [16/Oct/2023:13:36:44 +0700] "GET /info.php HTTP/1.1" 200 88044
::1 - - [16/Oct/2023:13:36:44 +0700] "GET /favicon.ico HTTP/1.1" 404 196
::1 - - [16/Oct/2023:13:38:54 +0700] "GET /info.php HTTP/1.1" 200 88280
::1 - - [16/Oct/2023:13:50:38 +0700] "GET /php.info HTTP/1.1" 404 196
::1 - - [16/Oct/2023:13:50:41 +0700] "GET /php.info HTTP/1.1" 404 196
::1 - - [16/Oct/2023:13:50:49 +0700] "GET /info.php HTTP/1.1" 200 88045
::1 - - [16/Oct/2023:13:51:53 +0700] "GET /info.php HTTP/1.1" 200 88281
::1 - - [16/Oct/2023:13:51:55 +0700] "GET /info.php HTTP/1.1" 200 88280
::1 - - [16/Oct/2023:13:51:56 +0700] "GET /info.php HTTP/1.1" 200 88281
::1 - - [16/Oct/2023:13:51:57 +0700] "GET /info.php HTTP/1.1" 200 88281
::1 - - [16/Oct/2023:13:51:57 +0700] "GET /info.php HTTP/1.1" 200 88281
::1 - - [16/Oct/2023:13:53:17 +0700] "GET /info.php HTTP/1.1" 404 196
::1 - - [16/Oct/2023:13:53:18 +0700] "GET /info.php HTTP/1.1" 404 196
::1 - - [16/Oct/2023:13:53:19 +0700] "GET /info.php HTTP/1.1" 404 196
::1 - - [16/Oct/2023:13:53:25 +0700] "GET /index.php HTTP/1.1" 200 78847
::1 - - [16/Oct/2023:13:54:29 +0700] "GET /index.php HTTP/1.1" 200 90056
::1 - - [16/Oct/2023:13:56:04 +0700] "GET /index.php HTTP/1.1" 200 90056
::1 - - [16/Oct/2023:13:58:46 +0700] "GET /index.php HTTP/1.1" 200 78934
::1 - - [16/Oct/2023:19:12:30 +0700] "GET / HTTP/1.1" 200 78991
::1 - - [16/Oct/2023:19:12:32 +0700] "GET /favicon.ico HTTP/1.1" 404 196
::1 - - [16/Oct/2023:19:40:05 +0700] "GET / HTTP/1.1" 200 80139
::1 - - [16/Oct/2023:19:40:07 +0700] "GET /favicon.ico HTTP/1.1" 404 196
::1 - - [16/Oct/2023:19:40:41 +0700] "GET / HTTP/1.1" 200 88530
::1 - - [16/Oct/2023:19:41:53 +0700] "GET /favicon.ico HTTP/1.1" 404 196
::1 - - [16/Oct/2023:19:55:19 +0700] "GET / HTTP/1.1" 200 1776
::1 - - [16/Oct/2023:19:55:20 +0700] "GET /favicon.ico HTTP/1.1" 404 196
::1 - - [16/Oct/2023:19:55:24 +0700] "GET /?q=info HTTP/1.1" 200 79218
::1 - - [16/Oct/2023:22:04:12 +0700] "GET /?q=info HTTP/1.1" 200 79218
::1 - - [16/Oct/2023:22:04:12 +0700] "GET /favicon.ico HTTP/1.1" 404 196
::1 - - [16/Oct/2023:22:05:12 +0700] "-" 408 -
::1 - - [16/Oct/2023:22:23:31 +0700] "GET / HTTP/1.1" 200 1776
::1 - - [17/Oct/2023:09:29:45 +0700] "GET / HTTP/1.1" 200 1776
::1 - - [17/Oct/2023:09:29:54 +0700] "GET /?q=info HTTP/1.1" 200 79218
192.168.137.60 - - [23/Oct/2023:19:12:07 +0700] "GET / HTTP/1.1" 200 1776
::1 - - [27/Oct/2023:14:47:38 +0700] "GET / HTTP/1.1" 200 1776
::1 - - [27/Oct/2023:14:47:51 +0700] "GET /favicon.ico HTTP/1.1" 404 196
::1 - - [27/Oct/2023:14:47:55 +0700] "GET /?q=info HTTP/1.1" 200 79138
::1 - - [27/Oct/2023:14:49:56 +0700] "GET / HTTP/1.1" 200 1766
::1 - - [27/Oct/2023:14:50:20 +0700] "GET /?q=info HTTP/1.1" 200 87310
::1 - - [27/Oct/2023:14:51:20 +0700] "-" 408 -
::1 - - [27/Oct/2023:17:04:23 +0700] "GET / HTTP/1.1" 200 1766
::1 - - [27/Oct/2023:17:04:24 +0700] "GET /favicon.ico HTTP/1.1" 404 196
::1 - - [27/Oct/2023:17:04:27 +0700] "GET /?q=info HTTP/1.1" 200 87446
::1 - - [27/Oct/2023:17:05:19 +0700] "GET /?q=info HTTP/1.1" 200 87416
::1 - - [27/Oct/2023:23:20:39 +0700] "GET / HTTP/1.1" 200 1766
::1 - - [27/Oct/2023:23:20:47 +0700] "GET /favicon.ico HTTP/1.1" 404 196
::1 - - [27/Oct/2023:23:20:48 +0700] "GET /?q=info HTTP/1.1" 200 88615
192.168.137.233 - - [28/Oct/2023:12:38:33 +0700] "GET / HTTP/1.1" 200 1766
192.168.137.233 - - [28/Oct/2023:17:31:39 +0700] "GET / HTTP/1.1" 200 1766
192.168.137.233 - - [28/Oct/2023:17:54:13 +0700] "GET / HTTP/1.1" 200 1766
192.168.137.233 - - [29/Oct/2023:04:17:22 +0700] "GET / HTTP/1.1" 200 1766
192.168.137.233 - - [29/Oct/2023:06:35:25 +0700] "GET / HTTP/1.1" 200 1766
192.168.137.233 - - [30/Oct/2023:22:44:30 +0700] "GET / HTTP/1.1" 200 1766
192.168.137.233 - - [02/Nov/2023:23:10:13 +0700] "GET / HTTP/1.1" 200 1766
192.168.137.233 - - [03/Nov/2023:02:15:56 +0700] "GET / HTTP/1.1" 200 1766
192.168.137.233 - - [03/Nov/2023:04:33:04 +0700] "GET / HTTP/1.1" 200 1766
192.168.137.233 - - [03/Nov/2023:05:59:31 +0700] "GET / HTTP/1.1" 200 1766
192.168.137.202 - - [09/Nov/2023:07:18:06 +0700] "GET / HTTP/1.1" 200 1766
